<?xml version="1.0" encoding="UTF-8"?>
<!-- Generated by org.testng.reporters.JUnitReportReporter -->
<testsuite skipped="0" hostname="DESKTOP-ISLMN4D" name="lighthouse.com.lighthouse.AppTest" tests="1" failures="0" timestamp="2022-07-22T15:39:51 IST" time="27.540" errors="0">
  <testcase name="testing" time="27.540" classname="lighthouse.com.lighthouse.AppTest"/>
  <system-out/>
</testsuite> <!-- lighthouse.com.lighthouse.AppTest -->
